2019-10-22 17:35:49.219 [ERRO] runtime error: invalid memory address or nil pointer dereference, "GET http 127.0.0.1:8899 /api/lists HTTP/1.1" 0.444, 127.0.0.1, "http://127.0.0.1:8899/page/index.html?02", "Mozilla/5.0 (Macintosh; Intel Mac OS X 10_14_5) AppleWebKit/537.36 (KHTML, like Gecko) Chrome/74.0.3729.169 Safari/537.36"
1. runtime error: invalid memory address or nil pointer dereference
   1).  github.com/gogf/gf/net/ghttp.(*Middleware).Next.func2
    	/Users/liyapeng/WorkSpace/Golang/gopath/pkg/mod/github.com/gogf/gf@v1.9.7/net/ghttp/ghttp_request_middleware.go:106
   2).  github.com/gogf/gf/util/gutil.TryCatch.func1
    	/Users/liyapeng/WorkSpace/Golang/gopath/pkg/mod/github.com/gogf/gf@v1.9.7/util/gutil/gutil.go:60
   3).  github.com/gogf/gf/net/ghttp.niceCallFunc.func1
    	/Users/liyapeng/WorkSpace/Golang/gopath/pkg/mod/github.com/gogf/gf@v1.9.7/net/ghttp/ghttp_func.go:50
   4).  b0pass/apps/api.Lists
    	/Users/liyapeng/WorkApps/b0cloud-apps/b0golang/src/b0pass/apps/api/file.go:51
   5).  github.com/gogf/gf/net/ghttp.(*Middleware).Next.func1.7
    	/Users/liyapeng/WorkSpace/Golang/gopath/pkg/mod/github.com/gogf/gf@v1.9.7/net/ghttp/ghttp_request_middleware.go:94
   6).  github.com/gogf/gf/net/ghttp.niceCallFunc
    	/Users/liyapeng/WorkSpace/Golang/gopath/pkg/mod/github.com/gogf/gf@v1.9.7/net/ghttp/ghttp_func.go:54
   7).  github.com/gogf/gf/net/ghttp.(*Middleware).Next.func1
    	/Users/liyapeng/WorkSpace/Golang/gopath/pkg/mod/github.com/gogf/gf@v1.9.7/net/ghttp/ghttp_request_middleware.go:93
   8).  github.com/gogf/gf/util/gutil.TryCatch
    	/Users/liyapeng/WorkSpace/Golang/gopath/pkg/mod/github.com/gogf/gf@v1.9.7/util/gutil/gutil.go:69
   9).  github.com/gogf/gf/net/ghttp.(*Middleware).Next
    	/Users/liyapeng/WorkSpace/Golang/gopath/pkg/mod/github.com/gogf/gf@v1.9.7/net/ghttp/ghttp_request_middleware.go:45
   10). b0pass/router.MiddlewareCORS
    	/Users/liyapeng/WorkApps/b0cloud-apps/b0golang/src/b0pass/router/middleware.go:9
   11). github.com/gogf/gf/net/ghttp.(*Middleware).Next.func1.8
    	/Users/liyapeng/WorkSpace/Golang/gopath/pkg/mod/github.com/gogf/gf@v1.9.7/net/ghttp/ghttp_request_middleware.go:99
   12). github.com/gogf/gf/net/ghttp.niceCallFunc
    	/Users/liyapeng/WorkSpace/Golang/gopath/pkg/mod/github.com/gogf/gf@v1.9.7/net/ghttp/ghttp_func.go:54
   13). github.com/gogf/gf/net/ghttp.(*Middleware).Next.func1
    	/Users/liyapeng/WorkSpace/Golang/gopath/pkg/mod/github.com/gogf/gf@v1.9.7/net/ghttp/ghttp_request_middleware.go:98
   14). github.com/gogf/gf/util/gutil.TryCatch
    	/Users/liyapeng/WorkSpace/Golang/gopath/pkg/mod/github.com/gogf/gf@v1.9.7/util/gutil/gutil.go:69
   15). github.com/gogf/gf/net/ghttp.(*Middleware).Next
    	/Users/liyapeng/WorkSpace/Golang/gopath/pkg/mod/github.com/gogf/gf@v1.9.7/net/ghttp/ghttp_request_middleware.go:45
   16). github.com/gogf/gf/net/ghttp.(*Server).handleRequest
    	/Users/liyapeng/WorkSpace/Golang/gopath/pkg/mod/github.com/gogf/gf@v1.9.7/net/ghttp/ghttp_server_handler.go:127
   17). github.com/gogf/gf/net/ghttp.(*Server).defaultHttpHandle
    	/Users/liyapeng/WorkSpace/Golang/gopath/pkg/mod/github.com/gogf/gf@v1.9.7/net/ghttp/ghttp_server_handler.go:36

2019-10-22 17:35:59.109 [ERRO] runtime error: invalid memory address or nil pointer dereference, "GET http 127.0.0.1:8899 /api/lists HTTP/1.1" 0.424, 127.0.0.1, "http://127.0.0.1:8899/page/index.html", "Mozilla/5.0 (Macintosh; Intel Mac OS X 10_14_5) AppleWebKit/537.36 (KHTML, like Gecko) Chrome/74.0.3729.169 Safari/537.36"
1. runtime error: invalid memory address or nil pointer dereference
   1).  github.com/gogf/gf/net/ghttp.(*Middleware).Next.func2
    	/Users/liyapeng/WorkSpace/Golang/gopath/pkg/mod/github.com/gogf/gf@v1.9.7/net/ghttp/ghttp_request_middleware.go:106
   2).  github.com/gogf/gf/util/gutil.TryCatch.func1
    	/Users/liyapeng/WorkSpace/Golang/gopath/pkg/mod/github.com/gogf/gf@v1.9.7/util/gutil/gutil.go:60
   3).  github.com/gogf/gf/net/ghttp.niceCallFunc.func1
    	/Users/liyapeng/WorkSpace/Golang/gopath/pkg/mod/github.com/gogf/gf@v1.9.7/net/ghttp/ghttp_func.go:50
   4).  b0pass/apps/api.Lists
    	/Users/liyapeng/WorkApps/b0cloud-apps/b0golang/src/b0pass/apps/api/file.go:51
   5).  github.com/gogf/gf/net/ghttp.(*Middleware).Next.func1.7
    	/Users/liyapeng/WorkSpace/Golang/gopath/pkg/mod/github.com/gogf/gf@v1.9.7/net/ghttp/ghttp_request_middleware.go:94
   6).  github.com/gogf/gf/net/ghttp.niceCallFunc
    	/Users/liyapeng/WorkSpace/Golang/gopath/pkg/mod/github.com/gogf/gf@v1.9.7/net/ghttp/ghttp_func.go:54
   7).  github.com/gogf/gf/net/ghttp.(*Middleware).Next.func1
    	/Users/liyapeng/WorkSpace/Golang/gopath/pkg/mod/github.com/gogf/gf@v1.9.7/net/ghttp/ghttp_request_middleware.go:93
   8).  github.com/gogf/gf/util/gutil.TryCatch
    	/Users/liyapeng/WorkSpace/Golang/gopath/pkg/mod/github.com/gogf/gf@v1.9.7/util/gutil/gutil.go:69
   9).  github.com/gogf/gf/net/ghttp.(*Middleware).Next
    	/Users/liyapeng/WorkSpace/Golang/gopath/pkg/mod/github.com/gogf/gf@v1.9.7/net/ghttp/ghttp_request_middleware.go:45
   10). b0pass/router.MiddlewareCORS
    	/Users/liyapeng/WorkApps/b0cloud-apps/b0golang/src/b0pass/router/middleware.go:9
   11). github.com/gogf/gf/net/ghttp.(*Middleware).Next.func1.8
    	/Users/liyapeng/WorkSpace/Golang/gopath/pkg/mod/github.com/gogf/gf@v1.9.7/net/ghttp/ghttp_request_middleware.go:99
   12). github.com/gogf/gf/net/ghttp.niceCallFunc
    	/Users/liyapeng/WorkSpace/Golang/gopath/pkg/mod/github.com/gogf/gf@v1.9.7/net/ghttp/ghttp_func.go:54
   13). github.com/gogf/gf/net/ghttp.(*Middleware).Next.func1
    	/Users/liyapeng/WorkSpace/Golang/gopath/pkg/mod/github.com/gogf/gf@v1.9.7/net/ghttp/ghttp_request_middleware.go:98
   14). github.com/gogf/gf/util/gutil.TryCatch
    	/Users/liyapeng/WorkSpace/Golang/gopath/pkg/mod/github.com/gogf/gf@v1.9.7/util/gutil/gutil.go:69
   15). github.com/gogf/gf/net/ghttp.(*Middleware).Next
    	/Users/liyapeng/WorkSpace/Golang/gopath/pkg/mod/github.com/gogf/gf@v1.9.7/net/ghttp/ghttp_request_middleware.go:45
   16). github.com/gogf/gf/net/ghttp.(*Server).handleRequest
    	/Users/liyapeng/WorkSpace/Golang/gopath/pkg/mod/github.com/gogf/gf@v1.9.7/net/ghttp/ghttp_server_handler.go:127
   17). github.com/gogf/gf/net/ghttp.(*Server).defaultHttpHandle
    	/Users/liyapeng/WorkSpace/Golang/gopath/pkg/mod/github.com/gogf/gf@v1.9.7/net/ghttp/ghttp_server_handler.go:36

2019-10-22 17:36:02.995 [ERRO] runtime error: invalid memory address or nil pointer dereference, "GET http 127.0.0.1:8899 /api/lists HTTP/1.1" 0.313, 127.0.0.1, "http://127.0.0.1:8899/page/index.html", "Mozilla/5.0 (Macintosh; Intel Mac OS X 10_14_5) AppleWebKit/537.36 (KHTML, like Gecko) Chrome/74.0.3729.169 Safari/537.36"
1. runtime error: invalid memory address or nil pointer dereference
   1).  github.com/gogf/gf/net/ghttp.(*Middleware).Next.func2
    	/Users/liyapeng/WorkSpace/Golang/gopath/pkg/mod/github.com/gogf/gf@v1.9.7/net/ghttp/ghttp_request_middleware.go:106
   2).  github.com/gogf/gf/util/gutil.TryCatch.func1
    	/Users/liyapeng/WorkSpace/Golang/gopath/pkg/mod/github.com/gogf/gf@v1.9.7/util/gutil/gutil.go:60
   3).  github.com/gogf/gf/net/ghttp.niceCallFunc.func1
    	/Users/liyapeng/WorkSpace/Golang/gopath/pkg/mod/github.com/gogf/gf@v1.9.7/net/ghttp/ghttp_func.go:50
   4).  b0pass/apps/api.Lists
    	/Users/liyapeng/WorkApps/b0cloud-apps/b0golang/src/b0pass/apps/api/file.go:51
   5).  github.com/gogf/gf/net/ghttp.(*Middleware).Next.func1.7
    	/Users/liyapeng/WorkSpace/Golang/gopath/pkg/mod/github.com/gogf/gf@v1.9.7/net/ghttp/ghttp_request_middleware.go:94
   6).  github.com/gogf/gf/net/ghttp.niceCallFunc
    	/Users/liyapeng/WorkSpace/Golang/gopath/pkg/mod/github.com/gogf/gf@v1.9.7/net/ghttp/ghttp_func.go:54
   7).  github.com/gogf/gf/net/ghttp.(*Middleware).Next.func1
    	/Users/liyapeng/WorkSpace/Golang/gopath/pkg/mod/github.com/gogf/gf@v1.9.7/net/ghttp/ghttp_request_middleware.go:93
   8).  github.com/gogf/gf/util/gutil.TryCatch
    	/Users/liyapeng/WorkSpace/Golang/gopath/pkg/mod/github.com/gogf/gf@v1.9.7/util/gutil/gutil.go:69
   9).  github.com/gogf/gf/net/ghttp.(*Middleware).Next
    	/Users/liyapeng/WorkSpace/Golang/gopath/pkg/mod/github.com/gogf/gf@v1.9.7/net/ghttp/ghttp_request_middleware.go:45
   10). b0pass/router.MiddlewareCORS
    	/Users/liyapeng/WorkApps/b0cloud-apps/b0golang/src/b0pass/router/middleware.go:9
   11). github.com/gogf/gf/net/ghttp.(*Middleware).Next.func1.8
    	/Users/liyapeng/WorkSpace/Golang/gopath/pkg/mod/github.com/gogf/gf@v1.9.7/net/ghttp/ghttp_request_middleware.go:99
   12). github.com/gogf/gf/net/ghttp.niceCallFunc
    	/Users/liyapeng/WorkSpace/Golang/gopath/pkg/mod/github.com/gogf/gf@v1.9.7/net/ghttp/ghttp_func.go:54
   13). github.com/gogf/gf/net/ghttp.(*Middleware).Next.func1
    	/Users/liyapeng/WorkSpace/Golang/gopath/pkg/mod/github.com/gogf/gf@v1.9.7/net/ghttp/ghttp_request_middleware.go:98
   14). github.com/gogf/gf/util/gutil.TryCatch
    	/Users/liyapeng/WorkSpace/Golang/gopath/pkg/mod/github.com/gogf/gf@v1.9.7/util/gutil/gutil.go:69
   15). github.com/gogf/gf/net/ghttp.(*Middleware).Next
    	/Users/liyapeng/WorkSpace/Golang/gopath/pkg/mod/github.com/gogf/gf@v1.9.7/net/ghttp/ghttp_request_middleware.go:45
   16). github.com/gogf/gf/net/ghttp.(*Server).handleRequest
    	/Users/liyapeng/WorkSpace/Golang/gopath/pkg/mod/github.com/gogf/gf@v1.9.7/net/ghttp/ghttp_server_handler.go:127
   17). github.com/gogf/gf/net/ghttp.(*Server).defaultHttpHandle
    	/Users/liyapeng/WorkSpace/Golang/gopath/pkg/mod/github.com/gogf/gf@v1.9.7/net/ghttp/ghttp_server_handler.go:36

2019-10-22 17:36:03.612 [ERRO] runtime error: invalid memory address or nil pointer dereference, "GET http 127.0.0.1:8899 /api/lists HTTP/1.1" 0.432, 127.0.0.1, "http://127.0.0.1:8899/page/index.html", "Mozilla/5.0 (Macintosh; Intel Mac OS X 10_14_5) AppleWebKit/537.36 (KHTML, like Gecko) Chrome/74.0.3729.169 Safari/537.36"
1. runtime error: invalid memory address or nil pointer dereference
   1).  github.com/gogf/gf/net/ghttp.(*Middleware).Next.func2
    	/Users/liyapeng/WorkSpace/Golang/gopath/pkg/mod/github.com/gogf/gf@v1.9.7/net/ghttp/ghttp_request_middleware.go:106
   2).  github.com/gogf/gf/util/gutil.TryCatch.func1
    	/Users/liyapeng/WorkSpace/Golang/gopath/pkg/mod/github.com/gogf/gf@v1.9.7/util/gutil/gutil.go:60
   3).  github.com/gogf/gf/net/ghttp.niceCallFunc.func1
    	/Users/liyapeng/WorkSpace/Golang/gopath/pkg/mod/github.com/gogf/gf@v1.9.7/net/ghttp/ghttp_func.go:50
   4).  b0pass/apps/api.Lists
    	/Users/liyapeng/WorkApps/b0cloud-apps/b0golang/src/b0pass/apps/api/file.go:51
   5).  github.com/gogf/gf/net/ghttp.(*Middleware).Next.func1.7
    	/Users/liyapeng/WorkSpace/Golang/gopath/pkg/mod/github.com/gogf/gf@v1.9.7/net/ghttp/ghttp_request_middleware.go:94
   6).  github.com/gogf/gf/net/ghttp.niceCallFunc
    	/Users/liyapeng/WorkSpace/Golang/gopath/pkg/mod/github.com/gogf/gf@v1.9.7/net/ghttp/ghttp_func.go:54
   7).  github.com/gogf/gf/net/ghttp.(*Middleware).Next.func1
    	/Users/liyapeng/WorkSpace/Golang/gopath/pkg/mod/github.com/gogf/gf@v1.9.7/net/ghttp/ghttp_request_middleware.go:93
   8).  github.com/gogf/gf/util/gutil.TryCatch
    	/Users/liyapeng/WorkSpace/Golang/gopath/pkg/mod/github.com/gogf/gf@v1.9.7/util/gutil/gutil.go:69
   9).  github.com/gogf/gf/net/ghttp.(*Middleware).Next
    	/Users/liyapeng/WorkSpace/Golang/gopath/pkg/mod/github.com/gogf/gf@v1.9.7/net/ghttp/ghttp_request_middleware.go:45
   10). b0pass/router.MiddlewareCORS
    	/Users/liyapeng/WorkApps/b0cloud-apps/b0golang/src/b0pass/router/middleware.go:9
   11). github.com/gogf/gf/net/ghttp.(*Middleware).Next.func1.8
    	/Users/liyapeng/WorkSpace/Golang/gopath/pkg/mod/github.com/gogf/gf@v1.9.7/net/ghttp/ghttp_request_middleware.go:99
   12). github.com/gogf/gf/net/ghttp.niceCallFunc
    	/Users/liyapeng/WorkSpace/Golang/gopath/pkg/mod/github.com/gogf/gf@v1.9.7/net/ghttp/ghttp_func.go:54
   13). github.com/gogf/gf/net/ghttp.(*Middleware).Next.func1
    	/Users/liyapeng/WorkSpace/Golang/gopath/pkg/mod/github.com/gogf/gf@v1.9.7/net/ghttp/ghttp_request_middleware.go:98
   14). github.com/gogf/gf/util/gutil.TryCatch
    	/Users/liyapeng/WorkSpace/Golang/gopath/pkg/mod/github.com/gogf/gf@v1.9.7/util/gutil/gutil.go:69
   15). github.com/gogf/gf/net/ghttp.(*Middleware).Next
    	/Users/liyapeng/WorkSpace/Golang/gopath/pkg/mod/github.com/gogf/gf@v1.9.7/net/ghttp/ghttp_request_middleware.go:45
   16). github.com/gogf/gf/net/ghttp.(*Server).handleRequest
    	/Users/liyapeng/WorkSpace/Golang/gopath/pkg/mod/github.com/gogf/gf@v1.9.7/net/ghttp/ghttp_server_handler.go:127
   17). github.com/gogf/gf/net/ghttp.(*Server).defaultHttpHandle
    	/Users/liyapeng/WorkSpace/Golang/gopath/pkg/mod/github.com/gogf/gf@v1.9.7/net/ghttp/ghttp_server_handler.go:36

